<?xml version="1.0" encoding="UTF-8"?>
<!-- Generated by org.testng.reporters.JUnitXMLReporter -->
<testsuite hostname="SIPL151" ignored="0" name="Caterxpert Regression Test Cases" tests="7" failures="0" timestamp="11 Jul 2019 09:23:09 GMT" time="24.989" errors="0">
  <testcase name="validateLoginTest" time="1.754" classname="com.syena.cxp.testcases.LoginPageTest"/>
  <testcase name="validateHomeIcon" time="0.118" classname="com.syena.cxp.testcases.SuperadminPageTest"/>
  <testcase name="clickOnHomeIconTest" time="0.632" classname="com.syena.cxp.testcases.SuperadminPageTest"/>
  <testcase name="clickOnSalesLinktest" time="0.493" classname="com.syena.cxp.testcases.HomePageTest"/>
  <testcase name="clickOnNewEventLinkTest" time="1.458" classname="com.syena.cxp.testcases.SalesPageTest"/>
  <testcase name="createEventTest" time="10.269" classname="com.syena.cxp.testcases.NewEventTest"/>
  <testcase name="validateLogoutTest" time="3.648" classname="com.syena.cxp.testcases.LogOutTest"/>
</testsuite> <!-- Caterxpert Regression Test Cases -->
