<?xml version="1.0" encoding="UTF-8"?>
<!-- Generated by org.testng.reporters.JUnitXMLReporter -->
<testsuite hostname="SIPL151" ignored="0" name="lOGIN" tests="6" failures="0" timestamp="01 Jul 2019 06:12:28 GMT" time="17.916" errors="0">
  <testcase name="validateLoginTest" time="1.82" classname="com.syena.cxp.testcases.LoginPageTest"/>
  <testcase name="validateImage" time="0.108" classname="com.syena.cxp.testcases.SuperadminPageTest"/>
  <testcase name="clickHomeTest" time="0.362" classname="com.syena.cxp.testcases.SuperadminPageTest"/>
  <testcase name="clicksalesmoduletest" time="1.252" classname="com.syena.cxp.testcases.HomePageTest"/>
  <testcase name="clickNeweventLinkTest" time="0.49" classname="com.syena.cxp.testcases.SalesPageTest"/>
  <testcase name="createEventTest" time="7.316" classname="com.syena.cxp.testcases.NewEventTest"/>
</testsuite> <!-- lOGIN -->
